2019-03-02 02:55:08,391 p=4819 u=ec2-user |  ansible-playbook 2.6.13
  config file = /home/ec2-user/environment/aws-cloud9-codecommit/ansible-role-set-cloud9/ansible.cfg
  configured module search path = [u'/home/ec2-user/.ansible/plugins/modules', u'/usr/share/ansible/plugins/modules']
  ansible python module location = /usr/lib/python2.6/site-packages/ansible
  executable location = /usr/bin/ansible-playbook
  python version = 2.6.9 (unknown, Nov  2 2017, 19:21:21) [GCC 4.8.5 20150623 (Red Hat 4.8.5-11)]
2019-03-02 02:55:08,392 p=4819 u=ec2-user |  Using /home/ec2-user/environment/aws-cloud9-codecommit/ansible-role-set-cloud9/ansible.cfg as config file
2019-03-02 02:55:08,439 p=4819 u=ec2-user |  ERROR! the role 'suzuki-shunsuke.ghq-module' was not found in /home/ec2-user/environment/aws-cloud9-codecommit/ansible-role-set-cloud9/roles:/home/ec2-user/.ansible/roles:/usr/share/ansible/roles:/etc/ansible/roles:/home/ec2-user/environment/aws-cloud9-codecommit/ansible-role-set-cloud9

The error appears to have been in '/home/ec2-user/environment/aws-cloud9-codecommit/ansible-role-set-cloud9/main.yml': line 7, column 7, but may
be elsewhere in the file depending on the exact syntax problem.

The offending line appears to be:

  # After you call this module, you can use this
    - suzuki-shunsuke.ghq-module
      ^ here

2019-03-02 02:55:26,873 p=4851 u=ec2-user |  ansible-playbook 2.6.13
  config file = /home/ec2-user/environment/aws-cloud9-codecommit/ansible-role-set-cloud9/ansible.cfg
  configured module search path = [u'/home/ec2-user/.ansible/plugins/modules', u'/usr/share/ansible/plugins/modules']
  ansible python module location = /usr/lib/python2.6/site-packages/ansible
  executable location = /usr/bin/ansible-playbook
  python version = 2.6.9 (unknown, Nov  2 2017, 19:21:21) [GCC 4.8.5 20150623 (Red Hat 4.8.5-11)]
2019-03-02 02:55:26,874 p=4851 u=ec2-user |  Using /home/ec2-user/environment/aws-cloud9-codecommit/ansible-role-set-cloud9/ansible.cfg as config file
2019-03-02 02:55:27,021 p=4851 u=ec2-user |  PLAYBOOK: main.yml **********************************************************************************************************************************
2019-03-02 02:55:27,021 p=4851 u=ec2-user |  1 plays in main.yml
2019-03-02 02:55:27,055 p=4851 u=ec2-user |  PLAY [all] ******************************************************************************************************************************************
2019-03-02 02:55:27,086 p=4851 u=ec2-user |  TASK [Gathering Facts] ******************************************************************************************************************************
2019-03-02 02:55:27,087 p=4851 u=ec2-user |  task path: /home/ec2-user/environment/aws-cloud9-codecommit/ansible-role-set-cloud9/main.yml:2
2019-03-02 02:55:27,841 p=4851 u=ec2-user |  ok: [127.0.0.1]
2019-03-02 02:55:27,842 p=4851 u=ec2-user |  META: ran handlers
2019-03-02 02:55:27,863 p=4851 u=ec2-user |  TASK [include_tasks] ********************************************************************************************************************************
2019-03-02 02:55:27,864 p=4851 u=ec2-user |  task path: /home/ec2-user/environment/aws-cloud9-codecommit/ansible-role-set-cloud9/main.yml:10
2019-03-02 02:55:27,975 p=4851 u=ec2-user |  included: /home/ec2-user/environment/aws-cloud9-codecommit/ansible-role-set-cloud9/tasks/main.yml for 127.0.0.1
2019-03-02 02:55:27,999 p=4851 u=ec2-user |  TASK [clone repo] ***********************************************************************************************************************************
2019-03-02 02:55:27,999 p=4851 u=ec2-user |  task path: /home/ec2-user/environment/aws-cloud9-codecommit/ansible-role-set-cloud9/tasks/main.yml:3
2019-03-02 02:55:30,757 p=4851 u=ec2-user |  ok: [127.0.0.1] => {"changed": false, "cmd": "git clone https://github.com/awslabs/git-secrets.git", "delta": "0:00:02.453327", "end": "2019-03-02 02:55:30.735088", "rc": 0, "start": "2019-03-02 02:55:28.281761", "stderr": "Cloning into 'git-secrets'...", "stderr_lines": ["Cloning into 'git-secrets'..."], "stdout": "", "stdout_lines": []}
2019-03-02 02:55:30,780 p=4851 u=ec2-user |  TASK [clone repo] ***********************************************************************************************************************************
2019-03-02 02:55:30,780 p=4851 u=ec2-user |  task path: /home/ec2-user/environment/aws-cloud9-codecommit/ansible-role-set-cloud9/tasks/main.yml:8
2019-03-02 02:55:30,933 p=4851 u=ec2-user |  An exception occurred during task execution. To see the full traceback, use -vvv. The error was: OSError: [Errno 2] No such file or directory: '/home/ec2-user/environment/aws-cloud9-codecommit/git-secrets'
2019-03-02 02:55:30,934 p=4851 u=ec2-user |  fatal: [127.0.0.1]: FAILED! => {"changed": false, "module_stderr": "Traceback (most recent call last):\n  File \"/tmp/ansible_g5JluL/ansible_module_command.py\", line 271, in <module>\n    main()\n  File \"/tmp/ansible_g5JluL/ansible_module_command.py\", line 217, in main\n    os.chdir(chdir)\nOSError: [Errno 2] No such file or directory: '/home/ec2-user/environment/aws-cloud9-codecommit/git-secrets'\n", "module_stdout": "", "msg": "MODULE FAILURE", "rc": 1}
2019-03-02 02:55:30,935 p=4851 u=ec2-user |  	to retry, use: --limit @/home/ec2-user/environment/aws-cloud9-codecommit/ansible-role-set-cloud9/retry/main.retry

2019-03-02 02:55:30,935 p=4851 u=ec2-user |  PLAY RECAP ******************************************************************************************************************************************
2019-03-02 02:55:30,936 p=4851 u=ec2-user |  127.0.0.1                  : ok=3    changed=0    unreachable=0    failed=1   
2019-03-02 02:56:19,864 p=4997 u=ec2-user |  ansible-playbook 2.6.13
  config file = /home/ec2-user/environment/aws-cloud9-codecommit/ansible-role-set-cloud9/ansible.cfg
  configured module search path = [u'/home/ec2-user/.ansible/plugins/modules', u'/usr/share/ansible/plugins/modules']
  ansible python module location = /usr/lib/python2.6/site-packages/ansible
  executable location = /usr/bin/ansible-playbook
  python version = 2.6.9 (unknown, Nov  2 2017, 19:21:21) [GCC 4.8.5 20150623 (Red Hat 4.8.5-11)]
2019-03-02 02:56:19,864 p=4997 u=ec2-user |  Using /home/ec2-user/environment/aws-cloud9-codecommit/ansible-role-set-cloud9/ansible.cfg as config file
2019-03-02 02:56:20,006 p=4997 u=ec2-user |  PLAYBOOK: main.yml **********************************************************************************************************************************
2019-03-02 02:56:20,006 p=4997 u=ec2-user |  1 plays in main.yml
2019-03-02 02:56:20,040 p=4997 u=ec2-user |  PLAY [all] ******************************************************************************************************************************************
2019-03-02 02:56:20,068 p=4997 u=ec2-user |  TASK [Gathering Facts] ******************************************************************************************************************************
2019-03-02 02:56:20,069 p=4997 u=ec2-user |  task path: /home/ec2-user/environment/aws-cloud9-codecommit/ansible-role-set-cloud9/main.yml:2
2019-03-02 02:56:20,748 p=4997 u=ec2-user |  ok: [127.0.0.1]
2019-03-02 02:56:20,751 p=4997 u=ec2-user |  META: ran handlers
2019-03-02 02:56:20,771 p=4997 u=ec2-user |  TASK [include_tasks] ********************************************************************************************************************************
2019-03-02 02:56:20,772 p=4997 u=ec2-user |  task path: /home/ec2-user/environment/aws-cloud9-codecommit/ansible-role-set-cloud9/main.yml:10
2019-03-02 02:56:20,881 p=4997 u=ec2-user |  included: /home/ec2-user/environment/aws-cloud9-codecommit/ansible-role-set-cloud9/tasks/main.yml for 127.0.0.1
2019-03-02 02:56:20,904 p=4997 u=ec2-user |  TASK [clone repo] ***********************************************************************************************************************************
2019-03-02 02:56:20,904 p=4997 u=ec2-user |  task path: /home/ec2-user/environment/aws-cloud9-codecommit/ansible-role-set-cloud9/tasks/main.yml:3
2019-03-02 02:56:23,677 p=4997 u=ec2-user |  ok: [127.0.0.1] => {"changed": false, "cmd": "git clone https://github.com/awslabs/git-secrets.git", "delta": "0:00:02.470603", "end": "2019-03-02 02:56:23.655818", "rc": 0, "start": "2019-03-02 02:56:21.185215", "stderr": "Cloning into 'git-secrets'...", "stderr_lines": ["Cloning into 'git-secrets'..."], "stdout": "", "stdout_lines": []}
2019-03-02 02:56:23,701 p=4997 u=ec2-user |  TASK [clone repo] ***********************************************************************************************************************************
2019-03-02 02:56:23,701 p=4997 u=ec2-user |  task path: /home/ec2-user/environment/aws-cloud9-codecommit/ansible-role-set-cloud9/tasks/main.yml:10
2019-03-02 02:56:23,878 p=4997 u=ec2-user |  fatal: [127.0.0.1]: FAILED! => {"changed": false, "cmd": "make install", "delta": "0:00:00.020104", "end": "2019-03-02 02:56:23.856729", "msg": "non-zero return code", "rc": 2, "start": "2019-03-02 02:56:23.836625", "stderr": "cp: cannot create regular file ‘/usr/local/bin/git-secrets’: Permission denied\nmake: *** [install] Error 1", "stderr_lines": ["cp: cannot create regular file ‘/usr/local/bin/git-secrets’: Permission denied", "make: *** [install] Error 1"], "stdout": "", "stdout_lines": []}
2019-03-02 02:56:23,880 p=4997 u=ec2-user |  	to retry, use: --limit @/home/ec2-user/environment/aws-cloud9-codecommit/ansible-role-set-cloud9/retry/main.retry

2019-03-02 02:56:23,880 p=4997 u=ec2-user |  PLAY RECAP ******************************************************************************************************************************************
2019-03-02 02:56:23,880 p=4997 u=ec2-user |  127.0.0.1                  : ok=3    changed=0    unreachable=0    failed=1   
2019-03-02 02:59:38,215 p=5210 u=ec2-user |   [WARNING]: - dharrisio.aws-cloudwatch-logs was NOT installed successfully: Failed to get data from the API server
(https://galaxy.ansible.com/api/): Failed to validate the SSL certificate for galaxy.ansible.com:443. Make sure your managed systems have a valid CA
certificate installed. If the website serving the url uses SNI you need python >= 2.7.9 on your managed machine  (the python executable used
(/usr/bin/python2.6) is version: 2.6.9 (unknown, Nov  2 2017, 19:21:21) [GCC 4.8.5 20150623 (Red Hat 4.8.5-11)]) or you can install the `urllib3`,
`pyOpenSSL`, `ndg-httpsclient`, and `pyasn1` python modules to perform SNI verification in python >= 2.6. You can use validate_certs=False if you do
not need to confirm the servers identity but this is unsafe and not recommended. Paths checked for this platform: /etc/ssl/certs, /etc/pki/ca-
trust/extracted/pem, /etc/pki/tls/certs, /usr/share/ca-certificates/cacert.org, /etc/ansible. The exception msg was: hostname u'galaxy.ansible.com'
doesn't match either of '*.c1e4.galaxy.openshiftapps.com', 'c1e4.galaxy.openshiftapps.com'.

2019-03-02 02:59:38,216 p=5210 u=ec2-user |  ERROR! - you can use --ignore-errors to skip failed roles and finish processing the list.
2019-03-02 03:00:20,807 p=5252 u=ec2-user |   [WARNING]: - suzuki-shunsuke.ghq-module was NOT installed successfully: Failed to get data from the API server (https://galaxy.ansible.com/api/):
Failed to validate the SSL certificate for galaxy.ansible.com:443. Make sure your managed systems have a valid CA certificate installed. If the
website serving the url uses SNI you need python >= 2.7.9 on your managed machine  (the python executable used (/usr/bin/python2.6) is version:
2.6.9 (unknown, Nov  2 2017, 19:21:21) [GCC 4.8.5 20150623 (Red Hat 4.8.5-11)]) or you can install the `urllib3`, `pyOpenSSL`, `ndg-httpsclient`,
and `pyasn1` python modules to perform SNI verification in python >= 2.6. You can use validate_certs=False if you do not need to confirm the servers
identity but this is unsafe and not recommended. Paths checked for this platform: /etc/ssl/certs, /etc/pki/ca-trust/extracted/pem,
/etc/pki/tls/certs, /usr/share/ca-certificates/cacert.org, /etc/ansible. The exception msg was: hostname u'galaxy.ansible.com' doesn't match either
of '*.c1e4.galaxy.openshiftapps.com', 'c1e4.galaxy.openshiftapps.com'.

2019-03-02 03:00:20,808 p=5252 u=ec2-user |  ERROR! - you can use --ignore-errors to skip failed roles and finish processing the list.
2019-03-02 03:05:14,947 p=5458 u=ec2-user |  ansible-playbook 2.6.13
  config file = /home/ec2-user/environment/aws-cloud9-codecommit/ansible-role-set-cloud9/ansible.cfg
  configured module search path = [u'/home/ec2-user/.ansible/plugins/modules', u'/usr/share/ansible/plugins/modules']
  ansible python module location = /usr/lib/python2.6/site-packages/ansible
  executable location = /usr/bin/ansible-playbook
  python version = 2.6.9 (unknown, Nov  2 2017, 19:21:21) [GCC 4.8.5 20150623 (Red Hat 4.8.5-11)]
2019-03-02 03:05:14,947 p=5458 u=ec2-user |  Using /home/ec2-user/environment/aws-cloud9-codecommit/ansible-role-set-cloud9/ansible.cfg as config file
2019-03-02 03:05:14,987 p=5458 u=ec2-user |  ERROR! the role 'suzuki-shunsuke.ghq-module' was not found in /home/ec2-user/environment/aws-cloud9-codecommit/ansible-role-set-cloud9/roles:/home/ec2-user/.ansible/roles:/usr/share/ansible/roles:/etc/ansible/roles:/home/ec2-user/environment/aws-cloud9-codecommit/ansible-role-set-cloud9

The error appears to have been in '/home/ec2-user/environment/aws-cloud9-codecommit/ansible-role-set-cloud9/main.yml': line 7, column 7, but may
be elsewhere in the file depending on the exact syntax problem.

The offending line appears to be:

  # After you call this module, you can use this
    - suzuki-shunsuke.ghq-module
      ^ here

2019-03-02 03:07:01,364 p=5544 u=ec2-user |  ansible-playbook 2.6.13
  config file = /home/ec2-user/environment/aws-cloud9-codecommit/ansible-role-set-cloud9/ansible.cfg
  configured module search path = [u'/home/ec2-user/.ansible/plugins/modules', u'/usr/share/ansible/plugins/modules']
  ansible python module location = /usr/lib/python2.6/site-packages/ansible
  executable location = /usr/bin/ansible-playbook
  python version = 2.6.9 (unknown, Nov  2 2017, 19:21:21) [GCC 4.8.5 20150623 (Red Hat 4.8.5-11)]
2019-03-02 03:07:01,364 p=5544 u=ec2-user |  Using /home/ec2-user/environment/aws-cloud9-codecommit/ansible-role-set-cloud9/ansible.cfg as config file
2019-03-02 03:07:01,510 p=5544 u=ec2-user |  PLAYBOOK: main.yml **********************************************************************************************************************************
2019-03-02 03:07:01,511 p=5544 u=ec2-user |  1 plays in main.yml
2019-03-02 03:07:01,545 p=5544 u=ec2-user |  PLAY [all] ******************************************************************************************************************************************
2019-03-02 03:07:01,574 p=5544 u=ec2-user |  TASK [Gathering Facts] ******************************************************************************************************************************
2019-03-02 03:07:01,575 p=5544 u=ec2-user |  task path: /home/ec2-user/environment/aws-cloud9-codecommit/ansible-role-set-cloud9/main.yml:2
2019-03-02 03:07:02,321 p=5544 u=ec2-user |  ok: [127.0.0.1]
2019-03-02 03:07:02,322 p=5544 u=ec2-user |  META: ran handlers
2019-03-02 03:07:02,344 p=5544 u=ec2-user |  TASK [include_tasks] ********************************************************************************************************************************
2019-03-02 03:07:02,344 p=5544 u=ec2-user |  task path: /home/ec2-user/environment/aws-cloud9-codecommit/ansible-role-set-cloud9/main.yml:10
2019-03-02 03:07:02,459 p=5544 u=ec2-user |  included: /home/ec2-user/environment/aws-cloud9-codecommit/ansible-role-set-cloud9/tasks/main.yml for 127.0.0.1
2019-03-02 03:07:02,483 p=5544 u=ec2-user |  TASK [clone repo] ***********************************************************************************************************************************
2019-03-02 03:07:02,484 p=5544 u=ec2-user |  task path: /home/ec2-user/environment/aws-cloud9-codecommit/ansible-role-set-cloud9/tasks/main.yml:3
2019-03-02 03:07:02,836 p=5544 u=ec2-user |  fatal: [127.0.0.1]: FAILED! => {"before": "9a3df625d1ad186fad767faccc265ae9718d8f17", "changed": false, "msg": "Local modifications exist in repository (force=no)."}
2019-03-02 03:07:02,839 p=5544 u=ec2-user |  	to retry, use: --limit @/home/ec2-user/environment/aws-cloud9-codecommit/ansible-role-set-cloud9/retry/main.retry

2019-03-02 03:07:02,839 p=5544 u=ec2-user |  PLAY RECAP ******************************************************************************************************************************************
2019-03-02 03:07:02,839 p=5544 u=ec2-user |  127.0.0.1                  : ok=2    changed=0    unreachable=0    failed=1   
2019-03-02 03:08:04,173 p=31727 u=ec2-user |  ansible-playbook 2.6.13
  config file = /home/ec2-user/environment/aws-cloud9-codecommit/ansible-role-set-cloud9/ansible.cfg
  configured module search path = [u'/home/ec2-user/.ansible/plugins/modules', u'/usr/share/ansible/plugins/modules']
  ansible python module location = /usr/lib/python2.6/site-packages/ansible
  executable location = /usr/bin/ansible-playbook
  python version = 2.6.9 (unknown, Nov  2 2017, 19:21:21) [GCC 4.8.5 20150623 (Red Hat 4.8.5-11)]
2019-03-02 03:08:04,173 p=31727 u=ec2-user |  Using /home/ec2-user/environment/aws-cloud9-codecommit/ansible-role-set-cloud9/ansible.cfg as config file
2019-03-02 03:08:04,318 p=31727 u=ec2-user |  PLAYBOOK: main.yml **********************************************************************************************************************************
2019-03-02 03:08:04,319 p=31727 u=ec2-user |  1 plays in main.yml
2019-03-02 03:08:04,352 p=31727 u=ec2-user |  PLAY [all] ******************************************************************************************************************************************
2019-03-02 03:08:04,380 p=31727 u=ec2-user |  TASK [Gathering Facts] ******************************************************************************************************************************
2019-03-02 03:08:04,381 p=31727 u=ec2-user |  task path: /home/ec2-user/environment/aws-cloud9-codecommit/ansible-role-set-cloud9/main.yml:2
2019-03-02 03:08:05,094 p=31727 u=ec2-user |  ok: [127.0.0.1]
2019-03-02 03:08:05,095 p=31727 u=ec2-user |  META: ran handlers
2019-03-02 03:08:05,116 p=31727 u=ec2-user |  TASK [include_tasks] ********************************************************************************************************************************
2019-03-02 03:08:05,117 p=31727 u=ec2-user |  task path: /home/ec2-user/environment/aws-cloud9-codecommit/ansible-role-set-cloud9/main.yml:10
2019-03-02 03:08:05,224 p=31727 u=ec2-user |  included: /home/ec2-user/environment/aws-cloud9-codecommit/ansible-role-set-cloud9/tasks/main.yml for 127.0.0.1
2019-03-02 03:08:05,247 p=31727 u=ec2-user |  TASK [clone repo] ***********************************************************************************************************************************
2019-03-02 03:08:05,247 p=31727 u=ec2-user |  task path: /home/ec2-user/environment/aws-cloud9-codecommit/ansible-role-set-cloud9/tasks/main.yml:13
2019-03-02 03:08:05,561 p=31727 u=ec2-user |  fatal: [127.0.0.1]: FAILED! => {"changed": false, "cmd": "make install", "delta": "0:00:00.007384", "end": "2019-03-02 03:08:05.540492", "msg": "non-zero return code", "rc": 2, "start": "2019-03-02 03:08:05.533108", "stderr": "cp: cannot create regular file ‘/usr/local/bin/git-secrets’: Permission denied\nmake: *** [install] Error 1", "stderr_lines": ["cp: cannot create regular file ‘/usr/local/bin/git-secrets’: Permission denied", "make: *** [install] Error 1"], "stdout": "", "stdout_lines": []}
2019-03-02 03:08:05,564 p=31727 u=ec2-user |  	to retry, use: --limit @/home/ec2-user/environment/aws-cloud9-codecommit/ansible-role-set-cloud9/retry/main.retry

2019-03-02 03:08:05,564 p=31727 u=ec2-user |  PLAY RECAP ******************************************************************************************************************************************
2019-03-02 03:08:05,564 p=31727 u=ec2-user |  127.0.0.1                  : ok=2    changed=0    unreachable=0    failed=1   
2019-03-02 03:09:06,955 p=31855 u=ec2-user |  ansible-playbook 2.6.13
  config file = /home/ec2-user/environment/aws-cloud9-codecommit/ansible-role-set-cloud9/ansible.cfg
  configured module search path = [u'/home/ec2-user/.ansible/plugins/modules', u'/usr/share/ansible/plugins/modules']
  ansible python module location = /usr/lib/python2.6/site-packages/ansible
  executable location = /usr/bin/ansible-playbook
  python version = 2.6.9 (unknown, Nov  2 2017, 19:21:21) [GCC 4.8.5 20150623 (Red Hat 4.8.5-11)]
2019-03-02 03:09:06,955 p=31855 u=ec2-user |  Using /home/ec2-user/environment/aws-cloud9-codecommit/ansible-role-set-cloud9/ansible.cfg as config file
2019-03-02 03:09:07,098 p=31855 u=ec2-user |  PLAYBOOK: main.yml **********************************************************************************************************************************
2019-03-02 03:09:07,098 p=31855 u=ec2-user |  1 plays in main.yml
2019-03-02 03:09:07,132 p=31855 u=ec2-user |  PLAY [all] ******************************************************************************************************************************************
2019-03-02 03:09:07,158 p=31855 u=ec2-user |  TASK [Gathering Facts] ******************************************************************************************************************************
2019-03-02 03:09:07,159 p=31855 u=ec2-user |  task path: /home/ec2-user/environment/aws-cloud9-codecommit/ansible-role-set-cloud9/main.yml:2
2019-03-02 03:09:07,863 p=31855 u=ec2-user |  ok: [127.0.0.1]
2019-03-02 03:09:07,863 p=31855 u=ec2-user |  META: ran handlers
2019-03-02 03:09:07,884 p=31855 u=ec2-user |  TASK [include_tasks] ********************************************************************************************************************************
2019-03-02 03:09:07,885 p=31855 u=ec2-user |  task path: /home/ec2-user/environment/aws-cloud9-codecommit/ansible-role-set-cloud9/main.yml:10
2019-03-02 03:09:07,994 p=31855 u=ec2-user |  included: /home/ec2-user/environment/aws-cloud9-codecommit/ansible-role-set-cloud9/tasks/main.yml for 127.0.0.1
2019-03-02 03:09:08,017 p=31855 u=ec2-user |  TASK [clone repo] ***********************************************************************************************************************************
2019-03-02 03:09:08,018 p=31855 u=ec2-user |  task path: /home/ec2-user/environment/aws-cloud9-codecommit/ansible-role-set-cloud9/tasks/main.yml:13
2019-03-02 03:09:08,340 p=31855 u=ec2-user |   [WARNING]: Consider using 'become', 'become_method', and 'become_user' rather than running sudo

2019-03-02 03:09:08,341 p=31855 u=ec2-user |  ok: [127.0.0.1] => {"changed": false, "cmd": "sudo make install", "delta": "0:00:00.013112", "end": "2019-03-02 03:09:08.318452", "rc": 0, "start": "2019-03-02 03:09:08.305340", "stderr": "", "stderr_lines": [], "stdout": "", "stdout_lines": []}
2019-03-02 03:09:08,364 p=31855 u=ec2-user |  TASK [clone repo] ***********************************************************************************************************************************
2019-03-02 03:09:08,364 p=31855 u=ec2-user |  task path: /home/ec2-user/environment/aws-cloud9-codecommit/ansible-role-set-cloud9/tasks/main.yml:20
2019-03-02 03:09:08,543 p=31855 u=ec2-user |  ok: [127.0.0.1] => {"changed": false, "cmd": "git secrets --install", "delta": "0:00:00.026010", "end": "2019-03-02 03:09:08.521711", "rc": 0, "start": "2019-03-02 03:09:08.495701", "stderr": "", "stderr_lines": [], "stdout": "\u001b[32m✓\u001b[0m\u000f Installed commit-msg hook to .git/hooks/commit-msg\n\u001b[32m✓\u001b[0m\u000f Installed pre-commit hook to .git/hooks/pre-commit\n\u001b[32m✓\u001b[0m\u000f Installed prepare-commit-msg hook to .git/hooks/prepare-commit-msg", "stdout_lines": ["\u001b[32m✓\u001b[0m\u000f Installed commit-msg hook to .git/hooks/commit-msg", "\u001b[32m✓\u001b[0m\u000f Installed pre-commit hook to .git/hooks/pre-commit", "\u001b[32m✓\u001b[0m\u000f Installed prepare-commit-msg hook to .git/hooks/prepare-commit-msg"]}
2019-03-02 03:09:08,544 p=31855 u=ec2-user |  META: ran handlers
2019-03-02 03:09:08,545 p=31855 u=ec2-user |  META: ran handlers
2019-03-02 03:09:08,547 p=31855 u=ec2-user |  PLAY RECAP ******************************************************************************************************************************************
2019-03-02 03:09:08,547 p=31855 u=ec2-user |  127.0.0.1                  : ok=4    changed=0    unreachable=0    failed=0   
